<?xml version="1.0" encoding="UTF-8"?>
<!-- Generated by org.testng.reporters.JUnitReportReporter -->
<testsuite skipped="0" hostname="Lenovo-PC" name="tests.CheckApp" tests="1" failures="0" timestamp="2020-02-07T18:37:21 IST" time="55.483" errors="0">
  <testcase name="signin" time="55.483" classname="tests.CheckApp"/>
  <system-out/>
</testsuite> <!-- tests.CheckApp -->
