<?xml version="1.0" encoding="UTF-8"?>
<!-- Generated by org.testng.reporters.JUnitReportReporter -->
<testsuite skipped="0" hostname="Lenovo-PC" name="tests.Inhert" tests="4" failures="0" timestamp="2020-02-06T21:58:09 IST" time="0.017" errors="0">
  <testcase name="test3" time="0.007" classname="tests.Inhert"/>
  <system-out/>
  <testcase name="testmethod" time="0.006" classname="tests.Inhert"/>
  <system-out/>
  <testcase name="test4" time="0.002" classname="tests.Inhert"/>
  <system-out/>
  <testcase name="testmethod2" time="0.002" classname="tests.Inhert"/>
  <system-out/>
</testsuite> <!-- tests.Inhert -->
