<?xml version="1.0" encoding="UTF-8"?>
<!-- Generated by org.testng.reporters.JUnitReportReporter -->
<testsuite skipped="0" hostname="Lenovo-PC" name="tests.Troubleshoot" tests="1" failures="0" timestamp="2020-02-12T00:24:29 IST" time="2.615" errors="0">
  <testcase name="troubleshoot1" time="2.615" classname="tests.Troubleshoot"/>
  <system-out/>
</testsuite> <!-- tests.Troubleshoot -->
