<?xml version="1.0" encoding="UTF-8"?>
<!-- Generated by org.testng.reporters.JUnitReportReporter -->
<testsuite skipped="0" hostname="Lenovo-PC" name="tests.My_Bank_Details" tests="1" failures="0" timestamp="2020-02-11T00:07:23 IST" time="23.516" errors="0">
  <testcase name="mybankdetai" time="23.516" classname="tests.My_Bank_Details"/>
  <system-out/>
</testsuite> <!-- tests.My_Bank_Details -->
