<?xml version="1.0" encoding="UTF-8"?>
<!-- Generated by org.testng.reporters.JUnitReportReporter -->
<testsuite skipped="0" hostname="Lenovo-PC" name="tests.EditworkDetails" tests="1" failures="0" timestamp="2020-02-10T17:15:05 IST" time="65.166" errors="0">
  <testcase name="editworkdetails" time="65.166" classname="tests.EditworkDetails"/>
  <system-out/>
</testsuite> <!-- tests.EditworkDetails -->
