<?xml version="1.0" encoding="UTF-8"?>
<!-- Generated by org.testng.reporters.JUnitReportReporter -->
<testsuite skipped="0" hostname="Lenovo-PC" name="tests.All_Transactions" tests="1" failures="0" timestamp="2020-02-12T00:21:05 IST" time="1.668" errors="0">
  <testcase name="alltranscation" time="1.668" classname="tests.All_Transactions"/>
  <system-out/>
</testsuite> <!-- tests.All_Transactions -->
