<?xml version="1.0" encoding="UTF-8"?>
<!-- Generated by org.testng.reporters.JUnitReportReporter -->
<testsuite skipped="0" hostname="Lenovo-PC" name="tests.SequenceTestng" tests="2" failures="0" timestamp="2020-02-06T21:54:40 IST" time="0.008" errors="0">
  <testcase name="testmethod2" time="0.002" classname="tests.SequenceTestng"/>
  <system-out/>
  <testcase name="testmethod" time="0.006" classname="tests.SequenceTestng"/>
  <system-out/>
</testsuite> <!-- tests.SequenceTestng -->
