<?xml version="1.0" encoding="UTF-8"?>
<!-- Generated by org.testng.reporters.JUnitReportReporter -->
<testsuite skipped="0" hostname="Lenovo-PC" name="tests.FAQ_SmartCoin" tests="1" failures="0" timestamp="2020-02-12T00:17:06 IST" time="1.753" errors="0">
  <testcase name="FAQ" time="1.753" classname="tests.FAQ_SmartCoin"/>
  <system-out/>
</testsuite> <!-- tests.FAQ_SmartCoin -->
