<?xml version="1.0" encoding="UTF-8"?>
<!-- Generated by org.testng.reporters.JUnitReportReporter -->
<testsuite skipped="0" hostname="Lenovo-PC" name="tests.SigninRealDevice" tests="1" failures="0" timestamp="2020-02-07T01:31:59 IST" time="52.623" errors="0">
  <testcase name="signin" time="52.623" classname="tests.SigninRealDevice"/>
  <system-out/>
</testsuite> <!-- tests.SigninRealDevice -->
