<?xml version="1.0" encoding="UTF-8"?>
<!-- Generated by org.testng.reporters.JUnitReportReporter -->
<testsuite skipped="0" hostname="Lenovo-PC" name="tests.HelpAndsupport" tests="1" failures="0" timestamp="2020-02-10T23:21:31 IST" time="23.271" errors="0">
  <testcase name="helpandsupport" time="23.271" classname="tests.HelpAndsupport"/>
  <system-out/>
</testsuite> <!-- tests.HelpAndsupport -->
