<?xml version="1.0" encoding="UTF-8"?>
<!-- Generated by org.testng.reporters.JUnitReportReporter -->
<testsuite skipped="0" hostname="Lenovo-PC" name="tests.Language_setting" tests="1" failures="0" timestamp="2020-02-12T00:57:31 IST" time="7.676" errors="0">
  <testcase name="helpandsupport" time="7.676" classname="tests.Language_setting"/>
  <system-out/>
</testsuite> <!-- tests.Language_setting -->
