<?xml version="1.0" encoding="UTF-8"?>
<!-- Generated by org.testng.reporters.JUnitReportReporter -->
<testsuite skipped="0" hostname="Lenovo-PC" name="tests.EditKYC" tests="1" failures="0" timestamp="2020-02-12T00:27:58 IST" time="79.041" errors="0">
  <testcase name="editworkyc" time="79.041" classname="tests.EditKYC"/>
  <system-out/>
</testsuite> <!-- tests.EditKYC -->
