<?xml version="1.0" encoding="UTF-8"?>
<!-- Generated by org.testng.reporters.JUnitReportReporter -->
<testsuite skipped="0" hostname="Lenovo-PC" name="tests.Call" tests="1" failures="0" timestamp="2020-02-12T01:35:36 IST" time="4.801" errors="0">
  <testcase name="call" time="4.801" classname="tests.Call"/>
  <system-out/>
</testsuite> <!-- tests.Call -->
