<?xml version="1.0" encoding="UTF-8"?>
<!-- Generated by org.testng.reporters.JUnitReportReporter -->
<testsuite skipped="0" hostname="Lenovo-PC" name="tests.Sendmail" tests="1" failures="0" timestamp="2020-02-12T00:54:55 IST" time="11.677" errors="0">
  <testcase name="sendmail" time="11.677" classname="tests.Sendmail"/>
  <system-out/>
</testsuite> <!-- tests.Sendmail -->
